# JRE version: OpenJDK Runtime Environment Microsoft-11369865 (17.0.15+6) (build 17.0.15+6-LTS)
# Java VM: OpenJDK 64-Bit Server VM Microsoft-11369865 (17.0.15+6-LTS, mixed mode, sharing, tiered, compressed oops, compressed class ptrs, g1 gc, windows-amd64)
GC Precious Log:
 CPUs: 16 total, 16 available
 Memory: 32543M
 Large Page Support: Disabled
 NUMA Support: Disabled
 Compressed Oops: Enabled (32-bit)
 Heap Region Size: 1M
 Heap Min Capacity: 8M
 Heap Initial Capacity: 510M
 Heap Max Capacity: 2G
 Pre-touch: Disabled
 Parallel Workers: 13
 Concurrent Workers: 3
 Concurrent Refinement Workers: 13
 Periodic GC: Disabled
Heap:
 garbage-first heap   total 409600K, used 304247K [0x0000000080000000, 0x0000000100000000)
  region size 1024K, 126 young (129024K), 8 survivors (8192K)
 Metaspace       used 67607K, committed 68352K, reserved 1114112K
  class space    used 9097K, committed 9408K, reserved 1048576K
GC Heap History (20 events):
Event: 14.379 GC heap after
{Heap after GC invocations=27 (full 0):
 garbage-first heap   total 204800K, used 114003K [0x0000000080000000, 0x0000000100000000)
  region size 1024K, 2 young (2048K), 2 survivors (2048K)
 Metaspace       used 65669K, committed 66368K, reserved 1114112K
  class space    used 8947K, committed 9280K, reserved 1048576K
}
Event: 14.529 GC heap before
{Heap before GC invocations=27 (full 0):
 garbage-first heap   total 204800K, used 160083K [0x0000000080000000, 0x0000000100000000)
  region size 1024K, 47 young (48128K), 2 survivors (2048K)
 Metaspace       used 65669K, committed 66368K, reserved 1114112K
  class space    used 8947K, committed 9280K, reserved 1048576K
}
Event: 14.534 GC heap after
{Heap after GC invocations=28 (full 0):
 garbage-first heap   total 409600K, used 123381K [0x0000000080000000, 0x0000000100000000)
  region size 1024K, 6 young (6144K), 6 survivors (6144K)
 Metaspace       used 65669K, committed 66368K, reserved 1114112K
  class space    used 8947K, committed 9280K, reserved 1048576K
}
Event: 15.265 GC heap before
{Heap before GC invocations=29 (full 0):
 garbage-first heap   total 409600K, used 290293K [0x0000000080000000, 0x0000000100000000)
  region size 1024K, 169 young (173056K), 6 survivors (6144K)
 Metaspace       used 66148K, committed 66816K, reserved 1114112K
  class space    used 8971K, committed 9280K, reserved 1048576K
}
Event: 15.282 GC heap after
{Heap after GC invocations=30 (full 0):
 garbage-first heap   total 409600K, used 144092K [0x0000000080000000, 0x0000000100000000)
  region size 1024K, 22 young (22528K), 22 survivors (22528K)
 Metaspace       used 66148K, committed 66816K, reserved 1114112K
  class space    used 8971K, committed 9280K, reserved 1048576K
}
Event: 15.283 GC heap before
{Heap before GC invocations=30 (full 0):
 garbage-first heap   total 409600K, used 145116K [0x0000000080000000, 0x0000000100000000)
  region size 1024K, 23 young (23552K), 22 survivors (22528K)
 Metaspace       used 66148K, committed 66816K, reserved 1114112K
  class space    used 8971K, committed 9280K, reserved 1048576K
}
Event: 15.287 GC heap after
{Heap after GC invocations=31 (full 0):
 garbage-first heap   total 409600K, used 145991K [0x0000000080000000, 0x0000000100000000)
  region size 1024K, 3 young (3072K), 3 survivors (3072K)
 Metaspace       used 66148K, committed 66816K, reserved 1114112K
  class space    used 8971K, committed 9280K, reserved 1048576K
}
Event: 15.507 GC heap before
{Heap before GC invocations=31 (full 0):
 garbage-first heap   total 409600K, used 297543K [0x0000000080000000, 0x0000000100000000)
  region size 1024K, 148 young (151552K), 3 survivors (3072K)
 Metaspace       used 66149K, committed 66816K, reserved 1114112K
  class space    used 8971K, committed 9280K, reserved 1048576K
}
Event: 15.510 GC heap after
{Heap after GC invocations=32 (full 0):
 garbage-first heap   total 409600K, used 161705K [0x0000000080000000, 0x0000000100000000)
  region size 1024K, 15 young (15360K), 15 survivors (15360K)
 Metaspace       used 66149K, committed 66816K, reserved 1114112K
  class space    used 8971K, committed 9280K, reserved 1048576K
}
Event: 16.999 GC heap before
{Heap before GC invocations=32 (full 0):
 garbage-first heap   total 409600K, used 305065K [0x0000000080000000, 0x0000000100000000)
  region size 1024K, 156 young (159744K), 15 survivors (15360K)
 Metaspace       used 66252K, committed 66944K, reserved 1114112K
  class space    used 8975K, committed 9280K, reserved 1048576K
}
Event: 17.002 GC heap after
{Heap after GC invocations=33 (full 0):
 garbage-first heap   total 409600K, used 168366K [0x0000000080000000, 0x0000000100000000)
  region size 1024K, 7 young (7168K), 7 survivors (7168K)
 Metaspace       used 66252K, committed 66944K, reserved 1114112K
  class space    used 8975K, committed 9280K, reserved 1048576K
}
Event: 18.037 GC heap before
{Heap before GC invocations=33 (full 0):
 garbage-first heap   total 409600K, used 315822K [0x0000000080000000, 0x0000000100000000)
  region size 1024K, 151 young (154624K), 7 survivors (7168K)
 Metaspace       used 66257K, committed 66944K, reserved 1114112K
  class space    used 8975K, committed 9280K, reserved 1048576K
}
Event: 18.040 GC heap after
{Heap after GC invocations=34 (full 0):
 garbage-first heap   total 409600K, used 175855K [0x0000000080000000, 0x0000000100000000)
  region size 1024K, 15 young (15360K), 15 survivors (15360K)
 Metaspace       used 66257K, committed 66944K, reserved 1114112K
  class space    used 8975K, committed 9280K, reserved 1048576K
}
Event: 18.722 GC heap before
{Heap before GC invocations=35 (full 0):
 garbage-first heap   total 409600K, used 321142K [0x0000000080000000, 0x0000000100000000)
  region size 1024K, 159 young (162816K), 15 survivors (15360K)
 Metaspace       used 66257K, committed 66944K, reserved 1114112K
  class space    used 8975K, committed 9280K, reserved 1048576K
}
Event: 18.725 GC heap after
{Heap after GC invocations=36 (full 0):
 garbage-first heap   total 409600K, used 179367K [0x0000000080000000, 0x0000000100000000)
  region size 1024K, 14 young (14336K), 14 survivors (14336K)
 Metaspace       used 66257K, committed 66944K, reserved 1114112K
  class space    used 8975K, committed 9280K, reserved 1048576K
}
Event: 18.768 GC heap before
{Heap before GC invocations=36 (full 0):
 garbage-first heap   total 409600K, used 185511K [0x0000000080000000, 0x0000000100000000)
  region size 1024K, 20 young (20480K), 14 survivors (14336K)
 Metaspace       used 66257K, committed 66944K, reserved 1114112K
  class space    used 8975K, committed 9280K, reserved 1048576K
}
Event: 18.771 GC heap after
{Heap after GC invocations=37 (full 0):
 garbage-first heap   total 409600K, used 179112K [0x0000000080000000, 0x0000000100000000)
  region size 1024K, 2 young (2048K), 2 survivors (2048K)
 Metaspace       used 66257K, committed 66944K, reserved 1114112K
  class space    used 8975K, committed 9280K, reserved 1048576K
}
Event: 40.158 GC heap before
{Heap before GC invocations=37 (full 0):
 garbage-first heap   total 409600K, used 340904K [0x0000000080000000, 0x0000000100000000)
  region size 1024K, 149 young (152576K), 2 survivors (2048K)
 Metaspace       used 67378K, committed 68160K, reserved 1114112K
  class space    used 9067K, committed 9408K, reserved 1048576K
}
Event: 40.160 GC heap after
{Heap after GC invocations=38 (full 0):
 garbage-first heap   total 409600K, used 185463K [0x0000000080000000, 0x0000000100000000)
  region size 1024K, 8 young (8192K), 8 survivors (8192K)
 Metaspace       used 67378K, committed 68160K, reserved 1114112K
  class space    used 9067K, committed 9408K, reserved 1048576K
}
Event: 51.326 GC heap before
{Heap before GC invocations=38 (full 0):
 garbage-first heap   total 409600K, used 304247K [0x0000000080000000, 0x0000000100000000)
  region size 1024K, 126 young (129024K), 8 survivors (8192K)
 Metaspace       used 67607K, committed 68352K, reserved 1114112K
  class space    used 9097K, committed 9408K, reserved 1048576K
}

