# JRE version: OpenJDK Runtime Environment Microsoft-11369865 (17.0.15+6) (build 17.0.15+6-LTS)
# Java VM: OpenJDK 64-Bit Server VM Microsoft-11369865 (17.0.15+6-LTS, mixed mode, sharing, tiered, compressed oops, compressed class ptrs, g1 gc, windows-amd64)
GC Precious Log:
 CPUs: 16 total, 16 available
 Memory: 32543M
 Large Page Support: Disabled
 NUMA Support: Disabled
 Compressed Oops: Enabled (32-bit)
 Heap Region Size: 1M
 Heap Min Capacity: 8M
 Heap Initial Capacity: 510M
 Heap Max Capacity: 2G
 Pre-touch: Disabled
 Parallel Workers: 13
 Concurrent Workers: 3
 Concurrent Refinement Workers: 13
 Periodic GC: Disabled
Heap:
 garbage-first heap   total 252928K, used 135840K [0x0000000080000000, 0x0000000100000000)
  region size 1024K, 4 young (4096K), 4 survivors (4096K)
 Metaspace       used 104221K, committed 105408K, reserved 1179648K
  class space    used 13929K, committed 14464K, reserved 1048576K
GC Heap History (20 events):
Event: 5775.184 GC heap after
{Heap after GC invocations=43 (full 8):
 garbage-first heap   total 242688K, used 121453K [0x0000000080000000, 0x0000000100000000)
  region size 1024K, 0 young (0K), 0 survivors (0K)
 Metaspace       used 92711K, committed 93696K, reserved 1179648K
  class space    used 12395K, committed 12800K, reserved 1048576K
}
Event: 5775.325 GC heap before
{Heap before GC invocations=43 (full 8):
 garbage-first heap   total 242688K, used 133741K [0x0000000080000000, 0x0000000100000000)
  region size 1024K, 14 young (14336K), 0 survivors (0K)
 Metaspace       used 92790K, committed 93760K, reserved 1179648K
  class space    used 12396K, committed 12800K, reserved 1048576K
}
Event: 5775.327 GC heap after
{Heap after GC invocations=44 (full 8):
 garbage-first heap   total 242688K, used 123351K [0x0000000080000000, 0x0000000100000000)
  region size 1024K, 2 young (2048K), 2 survivors (2048K)
 Metaspace       used 92790K, committed 93760K, reserved 1179648K
  class space    used 12396K, committed 12800K, reserved 1048576K
}
Event: 5775.408 GC heap before
{Heap before GC invocations=45 (full 8):
 garbage-first heap   total 242688K, used 129495K [0x0000000080000000, 0x0000000100000000)
  region size 1024K, 8 young (8192K), 2 survivors (2048K)
 Metaspace       used 92800K, committed 93760K, reserved 1179648K
  class space    used 12396K, committed 12800K, reserved 1048576K
}
Event: 5775.410 GC heap after
{Heap after GC invocations=46 (full 8):
 garbage-first heap   total 242688K, used 124920K [0x0000000080000000, 0x0000000100000000)
  region size 1024K, 3 young (3072K), 3 survivors (3072K)
 Metaspace       used 92800K, committed 93760K, reserved 1179648K
  class space    used 12396K, committed 12800K, reserved 1048576K
}
Event: 5775.445 GC heap before
{Heap before GC invocations=46 (full 8):
 garbage-first heap   total 242688K, used 130040K [0x0000000080000000, 0x0000000100000000)
  region size 1024K, 7 young (7168K), 3 survivors (3072K)
 Metaspace       used 92805K, committed 93760K, reserved 1179648K
  class space    used 12396K, committed 12800K, reserved 1048576K
}
Event: 5775.497 GC heap after
{Heap after GC invocations=47 (full 9):
 garbage-first heap   total 242688K, used 125412K [0x0000000080000000, 0x0000000100000000)
  region size 1024K, 0 young (0K), 0 survivors (0K)
 Metaspace       used 92805K, committed 93760K, reserved 1179648K
  class space    used 12396K, committed 12800K, reserved 1048576K
}
Event: 5775.591 GC heap before
{Heap before GC invocations=47 (full 9):
 garbage-first heap   total 242688K, used 131556K [0x0000000080000000, 0x0000000100000000)
  region size 1024K, 7 young (7168K), 0 survivors (0K)
 Metaspace       used 93664K, committed 94592K, reserved 1179648K
  class space    used 12516K, committed 12928K, reserved 1048576K
}
Event: 5775.593 GC heap after
{Heap after GC invocations=48 (full 9):
 garbage-first heap   total 242688K, used 125916K [0x0000000080000000, 0x0000000100000000)
  region size 1024K, 1 young (1024K), 1 survivors (1024K)
 Metaspace       used 93664K, committed 94592K, reserved 1179648K
  class space    used 12516K, committed 12928K, reserved 1048576K
}
Event: 5777.796 GC heap before
{Heap before GC invocations=49 (full 9):
 garbage-first heap   total 242688K, used 189404K [0x0000000080000000, 0x0000000100000000)
  region size 1024K, 64 young (65536K), 1 survivors (1024K)
 Metaspace       used 95886K, committed 96832K, reserved 1179648K
  class space    used 12813K, committed 13248K, reserved 1048576K
}
Event: 5777.798 GC heap after
{Heap after GC invocations=50 (full 9):
 garbage-first heap   total 242688K, used 129638K [0x0000000080000000, 0x0000000100000000)
  region size 1024K, 5 young (5120K), 5 survivors (5120K)
 Metaspace       used 95886K, committed 96832K, reserved 1179648K
  class space    used 12813K, committed 13248K, reserved 1048576K
}
Event: 5778.649 GC heap before
{Heap before GC invocations=50 (full 9):
 garbage-first heap   total 242688K, used 192102K [0x0000000080000000, 0x0000000100000000)
  region size 1024K, 67 young (68608K), 5 survivors (5120K)
 Metaspace       used 98108K, committed 99136K, reserved 1179648K
  class space    used 13124K, committed 13568K, reserved 1048576K
}
Event: 5778.653 GC heap after
{Heap after GC invocations=51 (full 9):
 garbage-first heap   total 242688K, used 134731K [0x0000000080000000, 0x0000000100000000)
  region size 1024K, 9 young (9216K), 9 survivors (9216K)
 Metaspace       used 98108K, committed 99136K, reserved 1179648K
  class space    used 13124K, committed 13568K, reserved 1048576K
}
Event: 5779.413 GC heap before
{Heap before GC invocations=52 (full 9):
 garbage-first heap   total 242688K, used 194123K [0x0000000080000000, 0x0000000100000000)
  region size 1024K, 68 young (69632K), 9 survivors (9216K)
 Metaspace       used 102752K, committed 103744K, reserved 1179648K
  class space    used 13790K, committed 14208K, reserved 1048576K
}
Event: 5779.419 GC heap after
{Heap after GC invocations=53 (full 9):
 garbage-first heap   total 242688K, used 138718K [0x0000000080000000, 0x0000000100000000)
  region size 1024K, 4 young (4096K), 4 survivors (4096K)
 Metaspace       used 102752K, committed 103744K, reserved 1179648K
  class space    used 13790K, committed 14208K, reserved 1048576K
}
Event: 5892.916 GC heap before
{Heap before GC invocations=53 (full 9):
 garbage-first heap   total 242688K, used 196062K [0x0000000080000000, 0x0000000100000000)
  region size 1024K, 61 young (62464K), 4 survivors (4096K)
 Metaspace       used 103713K, committed 104768K, reserved 1179648K
  class space    used 13861K, committed 14336K, reserved 1048576K
}
Event: 5892.919 GC heap after
{Heap after GC invocations=54 (full 9):
 garbage-first heap   total 242688K, used 143616K [0x0000000080000000, 0x0000000100000000)
  region size 1024K, 8 young (8192K), 8 survivors (8192K)
 Metaspace       used 103713K, committed 104768K, reserved 1179648K
  class space    used 13861K, committed 14336K, reserved 1048576K
}
Event: 5894.381 GC heap before
{Heap before GC invocations=55 (full 9):
 garbage-first heap   total 252928K, used 182528K [0x0000000080000000, 0x0000000100000000)
  region size 1024K, 45 young (46080K), 8 survivors (8192K)
 Metaspace       used 104129K, committed 105280K, reserved 1179648K
  class space    used 13918K, committed 14400K, reserved 1048576K
}
Event: 5894.423 GC heap after
{Heap after GC invocations=56 (full 10):
 garbage-first heap   total 252928K, used 132304K [0x0000000080000000, 0x0000000100000000)
  region size 1024K, 0 young (0K), 0 survivors (0K)
 Metaspace       used 104129K, committed 105280K, reserved 1179648K
  class space    used 13918K, committed 14400K, reserved 1048576K
}
Event: 5894.809 GC heap before
{Heap before GC invocations=56 (full 10):
 garbage-first heap   total 252928K, used 163024K [0x0000000080000000, 0x0000000100000000)
  region size 1024K, 32 young (32768K), 0 survivors (0K)
 Metaspace       used 104221K, committed 105408K, reserved 1179648K
  class space    used 13929K, committed 14464K, reserved 1048576K
}

